<?xml version="1.0" encoding="UTF-8" ?>
<testsuite failures="0" time="0.188" errors="0" skipped="0" tests="3" name="ro.teamnet.junit.demo.controller.AppUserControllerTest">
  <properties>
[...]
</properties>
  <testcase time="0.004" classname="ro.teamnet.junit.demo.controller.AppUserControllerTest" name="should_throw_exception_if_player_data_is_corrupted"/>
  <testcase time="0.02" classname="ro.teamnet.junit.demo.controller.AppUserControllerTest" name="should_throw_controller_exception_if_business_exception_occured"/>
  <testcase time="0.012" classname="ro.teamnet.junit.demo.controller.AppUserControllerTest" name="should_update_player_status"/>
</testsuite>